<?xml version="1.0" encoding="UTF-8" ?>
<testsuite errors="1" failures="0" hostname="Emmanuel-PC" name="chox.web.action.searAllClaimsActionTest" tests="2" time="1.882" timestamp="2008-11-11T11:47:28">
  <properties>
[...]
</properties>
  <testcase classname="chox.web.action.searAllClaimsActionTest" name="testExecute" time="0.06" />
  <testcase classname="chox.web.action.searAllClaimsActionTest" name="testHibernate" time="1.754">
    <error type="java.lang.NullPointerException">java.lang.NullPointerException
	at chox.web.action.searAllClaimsActionTest.testHibernate(searAllClaimsActionTest.java:140)
	at org.jmock.integration.junit4.JMock$1.invoke(JMock.java:37)
</error>
  </testcase>
  <system-out><![CDATA[Hibernate: select max(id) from Claim
Hibernate: insert into Claim (uuid, rental_id, insurer_country_id, policy_number, claim_reference, comprehensive, policy_holder_name, vehicle_registration, vehicle_manufacturer, vehicle_model, vehicle_class_id, usable, damage_description, tp_insurer_country_id, tp_policy_number, tp_claim_reference, tp_vehicle_registration, tp_vehicle_manufacturer, tp_vehicle_model, tp_vehicle_class_id, tp_name, tp_address1, tp_address2, tp_address3, tp_address4, tp_address5, tp_postcode, tp_telephone_day, tp_telephone_evening, tp_email, incident_date, location, police_involved, incident_description, vehicle_location, proposed_rental_class_id, claim_status, id) values (?, ?, ?, ?, ?, ?, ?, ?, ?, ?, ?, ?, ?, ?, ?, ?, ?, ?, ?, ?, ?, ?, ?, ?, ?, ?, ?, ?, ?, ?, ?, ?, ?, ?, ?, ?, ?, ?)
Hibernate: delete from Claim where id=?
Hibernate: select this_.id as id1_0_, this_.uuid as uuid1_0_, this_.supplier_reference as supplier3_1_0_, this_.rental_status as rental4_1_0_, this_.first_contact as first5_1_0_, this_.created as created1_0_, this_.supplier_id as supplier7_1_0_ from rental this_
Hibernate: select max(id) from rental
]]></system-out>
  <system-err><![CDATA[8 [main] INFO org.hibernate.cfg.Environment - Hibernate 3.3.1.GA
11 [main] INFO org.hibernate.cfg.Environment - hibernate.properties not found
13 [main] INFO org.hibernate.cfg.Environment - Bytecode provider name : javassist
17 [main] INFO org.hibernate.cfg.Environment - using JDK 1.4 java.sql.Timestamp handling
49 [main] INFO org.hibernate.cfg.Configuration - configuring from resource: /hibernate.cfg.xml
49 [main] INFO org.hibernate.cfg.Configuration - Configuration resource: /hibernate.cfg.xml
95 [main] INFO org.hibernate.cfg.Configuration - Reading mappings from resource : claim.hbm.xml
156 [main] INFO org.hibernate.cfg.HbmBinder - Mapping class: chox.model.Claim -> Claim
175 [main] INFO org.hibernate.cfg.Configuration - Reading mappings from resource : rental.hbm.xml
189 [main] INFO org.hibernate.cfg.HbmBinder - Mapping class: chox.model.Rental -> rental
227 [main] INFO org.hibernate.cfg.Configuration - Reading mappings from resource : Country.hbm.xml
238 [main] INFO org.hibernate.cfg.HbmBinder - Mapping class: chox.model.Country -> country
239 [main] INFO org.hibernate.cfg.Configuration - Reading mappings from resource : Supplier.hbm.xml
247 [main] INFO org.hibernate.cfg.HbmBinder - Mapping class: chox.model.Supplier -> supplier
248 [main] INFO org.hibernate.cfg.Configuration - Configured SessionFactory: null
253 [main] INFO org.hibernate.connection.DriverManagerConnectionProvider - Using Hibernate built-in connection pool (not for production use!)
253 [main] INFO org.hibernate.connection.DriverManagerConnectionProvider - Hibernate connection pool size: 20
253 [main] INFO org.hibernate.connection.DriverManagerConnectionProvider - autocommit mode: false
260 [main] INFO org.hibernate.connection.DriverManagerConnectionProvider - using driver: org.postgresql.Driver at URL: jdbc:postgresql://localhost:5432/chox
261 [main] INFO org.hibernate.connection.DriverManagerConnectionProvider - connection properties: {user=sa, password=****}
361 [main] INFO org.hibernate.cfg.SettingsFactory - RDBMS: PostgreSQL, version: 8.3.5
361 [main] INFO org.hibernate.cfg.SettingsFactory - JDBC driver: PostgreSQL Native Driver, version: PostgreSQL 8.3 JDBC3 with SSL (build 603)
373 [main] INFO org.hibernate.dialect.Dialect - Using dialect: org.hibernate.dialect.PostgreSQLDialect
378 [main] INFO org.hibernate.transaction.TransactionFactoryFactory - Using default transaction strategy (direct JDBC transactions)
379 [main] INFO org.hibernate.transaction.TransactionManagerLookupFactory - No TransactionManagerLookup configured (in JTA environment, use of read-write or transactional second-level cache is not recommended)
379 [main] INFO org.hibernate.cfg.SettingsFactory - Automatic flush during beforeCompletion(): disabled
379 [main] INFO org.hibernate.cfg.SettingsFactory - Automatic session close at end of transaction: disabled
379 [main] INFO org.hibernate.cfg.SettingsFactory - JDBC batch size: 15
379 [main] INFO org.hibernate.cfg.SettingsFactory - JDBC batch updates for versioned data: disabled
379 [main] INFO org.hibernate.cfg.SettingsFactory - Scrollable result sets: enabled
379 [main] INFO org.hibernate.cfg.SettingsFactory - JDBC3 getGeneratedKeys(): disabled
379 [main] INFO org.hibernate.cfg.SettingsFactory - Connection release mode: auto
380 [main] INFO org.hibernate.cfg.SettingsFactory - Default batch fetch size: 1
380 [main] INFO org.hibernate.cfg.SettingsFactory - Generate SQL with comments: disabled
380 [main] INFO org.hibernate.cfg.SettingsFactory - Order SQL updates by primary key: disabled
380 [main] INFO org.hibernate.cfg.SettingsFactory - Order SQL inserts for batching: disabled
380 [main] INFO org.hibernate.cfg.SettingsFactory - Query translator: org.hibernate.hql.ast.ASTQueryTranslatorFactory
381 [main] INFO org.hibernate.hql.ast.ASTQueryTranslatorFactory - Using ASTQueryTranslatorFactory
381 [main] INFO org.hibernate.cfg.SettingsFactory - Query language substitutions: {}
381 [main] INFO org.hibernate.cfg.SettingsFactory - JPA-QL strict compliance: disabled
381 [main] INFO org.hibernate.cfg.SettingsFactory - Second-level cache: enabled
381 [main] INFO org.hibernate.cfg.SettingsFactory - Query cache: disabled
381 [main] INFO org.hibernate.cfg.SettingsFactory - Cache region factory : org.hibernate.cache.impl.NoCachingRegionFactory
381 [main] INFO org.hibernate.cfg.SettingsFactory - Optimize cache for minimal puts: disabled
381 [main] INFO org.hibernate.cfg.SettingsFactory - Structured second-level cache entries: disabled
384 [main] INFO org.hibernate.cfg.SettingsFactory - Echoing all SQL to stdout
385 [main] INFO org.hibernate.cfg.SettingsFactory - Statistics: disabled
385 [main] INFO org.hibernate.cfg.SettingsFactory - Deleted entity synthetic identifier rollback: disabled
385 [main] INFO org.hibernate.cfg.SettingsFactory - Default entity-mode: pojo
385 [main] INFO org.hibernate.cfg.SettingsFactory - Named query checking : enabled
417 [main] INFO org.hibernate.impl.SessionFactoryImpl - building session factory
604 [main] INFO org.hibernate.impl.SessionFactoryObjectFactory - Not binding factory to JNDI, no JNDI name configured
]]></system-err>
</testsuite>
